{"meta": {"format": 3, "version": "7.13.5", "timestamp": "2026-04-30T09:45:13.304351", "branch_coverage": true, "show_contexts": false}, "files": {"app\\api\\auth.py": {"executed_lines": [1, 2, 3, 4, 6, 7, 8, 9, 11, 14, 15, 19, 20, 21, 22, 28, 29], "summary": {"covered_lines": 17, "num_statements": 18, "percent_covered": 90.0, "percent_covered_display": "90", "missing_lines": 1, "excluded_lines": 0, "percent_statements_covered": 94.44444444444444, "percent_statements_covered_display": "94", "num_branches": 2, "num_partial_branches": 1, "covered_branches": 1, "missing_branches": 1, "percent_branches_covered": 50.0, "percent_branches_covered_display": "50"}, "missing_lines": [23], "excluded_lines": [], "executed_branches": [[22, 28]], "missing_branches": [[22, 23]], "functions": {"login_for_access_token": {"executed_lines": [19, 20, 21, 22, 28, 29], "summary": {"covered_lines": 6, "num_statements": 7, "percent_covered": 77.77777777777777, "percent_covered_display": "78", "missing_lines": 1, "excluded_lines": 0, "percent_statements_covered": 85.71428571428571, "percent_statements_covered_display": "86", "num_branches": 2, "num_partial_branches": 1, "covered_branches": 1, "missing_branches": 1, "percent_branches_covered": 50.0, "percent_branches_covered_display": "50"}, "missing_lines": [23], "excluded_lines": [], "start_line": 15, "executed_branches": [[22, 28]], "missing_branches": [[22, 23]]}, "": {"executed_lines": [1, 2, 3, 4, 6, 7, 8, 9, 11, 14, 15], "summary": {"covered_lines": 11, "num_statements": 11, "percent_covered": 100.0, "percent_covered_display": "100", "missing_lines": 0, "excluded_lines": 0, "percent_statements_covered": 100.0, "percent_statements_covered_display": "100", "num_branches": 0, "num_partial_branches": 0, "covered_branches": 0, "missing_branches": 0, "percent_branches_covered": 100.0, "percent_branches_covered_display": "100"}, "missing_lines": [], "excluded_lines": [], "start_line": 1, "executed_branches": [], "missing_branches": []}}, "classes": {"": {"executed_lines": [1, 2, 3, 4, 6, 7, 8, 9, 11, 14, 15, 19, 20, 21, 22, 28, 29], "summary": {"covered_lines": 17, "num_statements": 18, "percent_covered": 90.0, "percent_covered_display": "90", "missing_lines": 1, "excluded_lines": 0, "percent_statements_covered": 94.44444444444444, "percent_statements_covered_display": "94", "num_branches": 2, "num_partial_branches": 1, "covered_branches": 1, "missing_branches": 1, "percent_branches_covered": 50.0, "percent_branches_covered_display": "50"}, "missing_lines": [23], "excluded_lines": [], "start_line": 1, "executed_branches": [[22, 28]], "missing_branches": [[22, 23]]}}}, "app\\api\\financial_data.py": {"executed_lines": [1, 2, 3, 4, 5, 7, 8, 9, 14, 15, 16, 17, 18, 19, 21, 24, 25, 41, 42, 60, 61, 76, 77, 103, 104, 121, 122, 132, 133, 135, 138, 139, 142, 176, 179, 180, 181, 182, 184, 185], "summary": {"covered_lines": 40, "num_statements": 81, "percent_covered": 45.26315789473684, "percent_covered_display": "45", "missing_lines": 41, "excluded_lines": 0, "percent_statements_covered": 49.382716049382715, "percent_statements_covered_display": "49", "num_branches": 14, "num_partial_branches": 3, "covered_branches": 3, "missing_branches": 11, "percent_branches_covered": 21.428571428571427, "percent_branches_covered_display": "21"}, "missing_lines": [31, 32, 33, 35, 36, 38, 48, 54, 55, 57, 66, 69, 70, 71, 72, 73, 83, 86, 87, 89, 90, 92, 94, 95, 97, 98, 99, 100, 109, 112, 113, 114, 115, 116, 117, 118, 134, 136, 187, 188, 189], "excluded_lines": [], "executed_branches": [[133, 135], [135, 138], [184, 185]], "missing_branches": [[71, 72], [71, 73], [89, 90], [89, 92], [94, 95], [94, 97], [114, 115], [114, 116], [133, 134], [135, 136], [184, 187]], "functions": {"create_record": {"executed_lines": [], "summary": {"covered_lines": 0, "num_statements": 6, "percent_covered": 0.0, "percent_covered_display": "0", "missing_lines": 6, "excluded_lines": 0, "percent_statements_covered": 0.0, "percent_statements_covered_display": "0", "num_branches": 0, "num_partial_branches": 0, "covered_branches": 0, "missing_branches": 0, "percent_branches_covered": 100.0, "percent_branches_covered_display": "100"}, "missing_lines": [31, 32, 33, 35, 36, 38], "excluded_lines": [], "start_line": 25, "executed_branches": [], "missing_branches": []}, "list_records": {"executed_lines": [], "summary": {"covered_lines": 0, "num_statements": 4, "percent_covered": 0.0, "percent_covered_display": "0", "missing_lines": 4, "excluded_lines": 0, "percent_statements_covered": 0.0, "percent_statements_covered_display": "0", "num_branches": 0, "num_partial_branches": 0, "covered_branches": 0, "missing_branches": 0, "percent_branches_covered": 100.0, "percent_branches_covered_display": "100"}, "missing_lines": [48, 54, 55, 57], "excluded_lines": [], "start_line": 42, "executed_branches": [], "missing_branches": []}, "get_record": {"executed_lines": [], "summary": {"covered_lines": 0, "num_statements": 6, "percent_covered": 0.0, "percent_covered_display": "0", "missing_lines": 6, "excluded_lines": 0, "percent_statements_covered": 0.0, "percent_statements_covered_display": "0", "num_branches": 2, "num_partial_branches": 0, "covered_branches": 0, "missing_branches": 2, "percent_branches_covered": 0.0, "percent_branches_covered_display": "0"}, "missing_lines": [66, 69, 70, 71, 72, 73], "excluded_lines": [], "start_line": 61, "executed_branches": [], "missing_branches": [[71, 72], [71, 73]]}, "update_record": {"executed_lines": [], "summary": {"covered_lines": 0, "num_statements": 12, "percent_covered": 0.0, "percent_covered_display": "0", "missing_lines": 12, "excluded_lines": 0, "percent_statements_covered": 0.0, "percent_statements_covered_display": "0", "num_branches": 4, "num_partial_branches": 0, "covered_branches": 0, "missing_branches": 4, "percent_branches_covered": 0.0, "percent_branches_covered_display": "0"}, "missing_lines": [83, 86, 87, 89, 90, 92, 94, 95, 97, 98, 99, 100], "excluded_lines": [], "start_line": 77, "executed_branches": [], "missing_branches": [[89, 90], [89, 92], [94, 95], [94, 97]]}, "delete_record": {"executed_lines": [], "summary": {"covered_lines": 0, "num_statements": 8, "percent_covered": 0.0, "percent_covered_display": "0", "missing_lines": 8, "excluded_lines": 0, "percent_statements_covered": 0.0, "percent_statements_covered_display": "0", "num_branches": 2, "num_partial_branches": 0, "covered_branches": 0, "missing_branches": 2, "percent_branches_covered": 0.0, "percent_branches_covered_display": "0"}, "missing_lines": [109, 112, 113, 114, 115, 116, 117, 118], "excluded_lines": [], "start_line": 104, "executed_branches": [], "missing_branches": [[114, 115], [114, 116]]}, "export_report": {"executed_lines": [132, 133, 135, 138, 139, 142, 176, 179, 180, 181, 182, 184, 185], "summary": {"covered_lines": 13, "num_statements": 18, "percent_covered": 66.66666666666667, "percent_covered_display": "67", "missing_lines": 5, "excluded_lines": 0, "percent_statements_covered": 72.22222222222223, "percent_statements_covered_display": "72", "num_branches": 6, "num_partial_branches": 3, "covered_branches": 3, "missing_branches": 3, "percent_branches_covered": 50.0, "percent_branches_covered_display": "50"}, "missing_lines": [134, 136, 187, 188, 189], "excluded_lines": [], "start_line": 122, "executed_branches": [[133, 135], [135, 138], [184, 185]], "missing_branches": [[133, 134], [135, 136], [184, 187]]}, "": {"executed_lines": [1, 2, 3, 4, 5, 7, 8, 9, 14, 15, 16, 17, 18, 19, 21, 24, 25, 41, 42, 60, 61, 76, 77, 103, 104, 121, 122], "summary": {"covered_lines": 27, "num_statements": 27, "percent_covered": 100.0, "percent_covered_display": "100", "missing_lines": 0, "excluded_lines": 0, "percent_statements_covered": 100.0, "percent_statements_covered_display": "100", "num_branches": 0, "num_partial_branches": 0, "covered_branches": 0, "missing_branches": 0, "percent_branches_covered": 100.0, "percent_branches_covered_display": "100"}, "missing_lines": [], "excluded_lines": [], "start_line": 1, "executed_branches": [], "missing_branches": []}}, "classes": {"": {"executed_lines": [1, 2, 3, 4, 5, 7, 8, 9, 14, 15, 16, 17, 18, 19, 21, 24, 25, 41, 42, 60, 61, 76, 77, 103, 104, 121, 122, 132, 133, 135, 138, 139, 142, 176, 179, 180, 181, 182, 184, 185], "summary": {"covered_lines": 40, "num_statements": 81, "percent_covered": 45.26315789473684, "percent_covered_display": "45", "missing_lines": 41, "excluded_lines": 0, "percent_statements_covered": 49.382716049382715, "percent_statements_covered_display": "49", "num_branches": 14, "num_partial_branches": 3, "covered_branches": 3, "missing_branches": 11, "percent_branches_covered": 21.428571428571427, "percent_branches_covered_display": "21"}, "missing_lines": [31, 32, 33, 35, 36, 38, 48, 54, 55, 57, 66, 69, 70, 71, 72, 73, 83, 86, 87, 89, 90, 92, 94, 95, 97, 98, 99, 100, 109, 112, 113, 114, 115, 116, 117, 118, 134, 136, 187, 188, 189], "excluded_lines": [], "start_line": 1, "executed_branches": [[133, 135], [135, 138], [184, 185]], "missing_branches": [[71, 72], [71, 73], [89, 90], [89, 92], [94, 95], [94, 97], [114, 115], [114, 116], [133, 134], [135, 136], [184, 187]]}}}, "app\\api\\job_events.py": {"executed_lines": [1, 2, 3, 4, 5, 7, 8, 9, 10, 11, 13, 16, 17, 33, 34, 53, 54, 68, 69, 90, 91], "summary": {"covered_lines": 21, "num_statements": 62, "percent_covered": 26.923076923076923, "percent_covered_display": "27", "missing_lines": 41, "excluded_lines": 0, "percent_statements_covered": 33.87096774193548, "percent_statements_covered_display": "34", "num_branches": 16, "num_partial_branches": 0, "covered_branches": 0, "missing_branches": 16, "percent_branches_covered": 0.0, "percent_branches_covered_display": "0"}, "missing_lines": [23, 24, 25, 26, 27, 28, 29, 30, 41, 48, 49, 50, 59, 60, 61, 62, 63, 64, 65, 75, 76, 77, 78, 79, 80, 81, 82, 83, 84, 85, 86, 87, 96, 97, 98, 99, 100, 101, 102, 103, 104], "excluded_lines": [], "executed_branches": [], "missing_branches": [[24, 25], [24, 26], [60, 61], [60, 62], [63, 64], [63, 65], [76, 77], [76, 78], [79, 80], [79, 81], [82, 83], [82, 84], [97, 98], [97, 99], [100, 101], [100, 102]], "functions": {"create_event": {"executed_lines": [], "summary": {"covered_lines": 0, "num_statements": 8, "percent_covered": 0.0, "percent_covered_display": "0", "missing_lines": 8, "excluded_lines": 0, "percent_statements_covered": 0.0, "percent_statements_covered_display": "0", "num_branches": 2, "num_partial_branches": 0, "covered_branches": 0, "missing_branches": 2, "percent_branches_covered": 0.0, "percent_branches_covered_display": "0"}, "missing_lines": [23, 24, 25, 26, 27, 28, 29, 30], "excluded_lines": [], "start_line": 17, "executed_branches": [], "missing_branches": [[24, 25], [24, 26]]}, "list_events": {"executed_lines": [], "summary": {"covered_lines": 0, "num_statements": 4, "percent_covered": 0.0, "percent_covered_display": "0", "missing_lines": 4, "excluded_lines": 0, "percent_statements_covered": 0.0, "percent_statements_covered_display": "0", "num_branches": 0, "num_partial_branches": 0, "covered_branches": 0, "missing_branches": 0, "percent_branches_covered": 100.0, "percent_branches_covered_display": "100"}, "missing_lines": [41, 48, 49, 50], "excluded_lines": [], "start_line": 34, "executed_branches": [], "missing_branches": []}, "get_event": {"executed_lines": [], "summary": {"covered_lines": 0, "num_statements": 7, "percent_covered": 0.0, "percent_covered_display": "0", "missing_lines": 7, "excluded_lines": 0, "percent_statements_covered": 0.0, "percent_statements_covered_display": "0", "num_branches": 4, "num_partial_branches": 0, "covered_branches": 0, "missing_branches": 4, "percent_branches_covered": 0.0, "percent_branches_covered_display": "0"}, "missing_lines": [59, 60, 61, 62, 63, 64, 65], "excluded_lines": [], "start_line": 54, "executed_branches": [], "missing_branches": [[60, 61], [60, 62], [63, 64], [63, 65]]}, "update_event": {"executed_lines": [], "summary": {"covered_lines": 0, "num_statements": 13, "percent_covered": 0.0, "percent_covered_display": "0", "missing_lines": 13, "excluded_lines": 0, "percent_statements_covered": 0.0, "percent_statements_covered_display": "0", "num_branches": 6, "num_partial_branches": 0, "covered_branches": 0, "missing_branches": 6, "percent_branches_covered": 0.0, "percent_branches_covered_display": "0"}, "missing_lines": [75, 76, 77, 78, 79, 80, 81, 82, 83, 84, 85, 86, 87], "excluded_lines": [], "start_line": 69, "executed_branches": [], "missing_branches": [[76, 77], [76, 78], [79, 80], [79, 81], [82, 83], [82, 84]]}, "delete_event": {"executed_lines": [], "summary": {"covered_lines": 0, "num_statements": 9, "percent_covered": 0.0, "percent_covered_display": "0", "missing_lines": 9, "excluded_lines": 0, "percent_statements_covered": 0.0, "percent_statements_covered_display": "0", "num_branches": 4, "num_partial_branches": 0, "covered_branches": 0, "missing_branches": 4, "percent_branches_covered": 0.0, "percent_branches_covered_display": "0"}, "missing_lines": [96, 97, 98, 99, 100, 101, 102, 103, 104], "excluded_lines": [], "start_line": 91, "executed_branches": [], "missing_branches": [[97, 98], [97, 99], [100, 101], [100, 102]]}, "": {"executed_lines": [1, 2, 3, 4, 5, 7, 8, 9, 10, 11, 13, 16, 17, 33, 34, 53, 54, 68, 69, 90, 91], "summary": {"covered_lines": 21, "num_statements": 21, "percent_covered": 100.0, "percent_covered_display": "100", "missing_lines": 0, "excluded_lines": 0, "percent_statements_covered": 100.0, "percent_statements_covered_display": "100", "num_branches": 0, "num_partial_branches": 0, "covered_branches": 0, "missing_branches": 0, "percent_branches_covered": 100.0, "percent_branches_covered_display": "100"}, "missing_lines": [], "excluded_lines": [], "start_line": 1, "executed_branches": [], "missing_branches": []}}, "classes": {"": {"executed_lines": [1, 2, 3, 4, 5, 7, 8, 9, 10, 11, 13, 16, 17, 33, 34, 53, 54, 68, 69, 90, 91], "summary": {"covered_lines": 21, "num_statements": 62, "percent_covered": 26.923076923076923, "percent_covered_display": "27", "missing_lines": 41, "excluded_lines": 0, "percent_statements_covered": 33.87096774193548, "percent_statements_covered_display": "34", "num_branches": 16, "num_partial_branches": 0, "covered_branches": 0, "missing_branches": 16, "percent_branches_covered": 0.0, "percent_branches_covered_display": "0"}, "missing_lines": [23, 24, 25, 26, 27, 28, 29, 30, 41, 48, 49, 50, 59, 60, 61, 62, 63, 64, 65, 75, 76, 77, 78, 79, 80, 81, 82, 83, 84, 85, 86, 87, 96, 97, 98, 99, 100, 101, 102, 103, 104], "excluded_lines": [], "start_line": 1, "executed_branches": [], "missing_branches": [[24, 25], [24, 26], [60, 61], [60, 62], [63, 64], [63, 65], [76, 77], [76, 78], [79, 80], [79, 81], [82, 83], [82, 84], [97, 98], [97, 99], [100, 101], [100, 102]]}}}, "app\\api\\job_results.py": {"executed_lines": [1, 2, 3, 4, 5, 6, 7, 8, 9, 10, 11, 13, 14, 15, 16, 17, 19, 20, 21, 22, 23, 24, 26, 27, 32, 35, 43, 44, 45, 46, 47, 48, 49, 52, 53, 54, 55, 56, 57, 58, 59, 67, 68, 69, 79, 80, 81, 82, 83, 84, 86, 87, 99, 101, 102, 103, 104, 105, 111, 113, 114, 115, 117, 118, 119, 121, 122, 123, 124, 126, 127, 129, 130, 134, 157, 158, 173, 174, 192, 193, 207, 208, 227, 228, 274, 275, 296, 297], "summary": {"covered_lines": 88, "num_statements": 176, "percent_covered": 43.39622641509434, "percent_covered_display": "43", "missing_lines": 88, "excluded_lines": 0, "percent_statements_covered": 50.0, "percent_statements_covered_display": "50", "num_branches": 36, "num_partial_branches": 2, "covered_branches": 4, "missing_branches": 32, "percent_branches_covered": 11.11111111111111, "percent_branches_covered_display": "11"}, "missing_lines": [36, 37, 39, 40, 61, 62, 64, 128, 131, 132, 163, 164, 165, 166, 167, 168, 169, 170, 180, 187, 188, 189, 198, 199, 200, 201, 202, 203, 204, 213, 214, 215, 217, 218, 219, 221, 222, 224, 233, 234, 235, 237, 238, 239, 241, 242, 244, 245, 246, 247, 248, 249, 251, 252, 253, 254, 255, 256, 257, 258, 260, 261, 267, 269, 270, 271, 281, 282, 283, 284, 285, 286, 287, 288, 289, 290, 291, 292, 293, 302, 303, 304, 305, 306, 307, 308, 309, 310], "excluded_lines": [], "executed_branches": [[45, 46], [45, 47], [53, 54], [127, 129]], "missing_branches": [[36, 37], [36, 39], [53, 61], [61, 62], [61, 64], [127, 128], [164, 165], [164, 166], [199, 200], [199, 201], [202, 203], [202, 204], [214, 215], [214, 217], [221, 222], [221, 224], [234, 235], [234, 237], [241, 242], [241, 244], [260, 261], [260, 269], [282, 283], [282, 284], [285, 286], [285, 287], [288, 289], [288, 290], [303, 304], [303, 305], [306, 307], [306, 308]], "functions": {"_safe_filename": {"executed_lines": [], "summary": {"covered_lines": 0, "num_statements": 4, "percent_covered": 0.0, "percent_covered_display": "0", "missing_lines": 4, "excluded_lines": 0, "percent_statements_covered": 0.0, "percent_statements_covered_display": "0", "num_branches": 2, "num_partial_branches": 0, "covered_branches": 0, "missing_branches": 2, "percent_branches_covered": 0.0, "percent_branches_covered_display": "0"}, "missing_lines": [36, 37, 39, 40], "excluded_lines": [], "start_line": 35, "executed_branches": [], "missing_branches": [[36, 37], [36, 39]]}, "_to_decimal": {"executed_lines": [44, 45, 46, 47, 48, 49], "summary": {"covered_lines": 6, "num_statements": 6, "percent_covered": 100.0, "percent_covered_display": "100", "missing_lines": 0, "excluded_lines": 0, "percent_statements_covered": 100.0, "percent_statements_covered_display": "100", "num_branches": 2, "num_partial_branches": 0, "covered_branches": 2, "missing_branches": 0, "percent_branches_covered": 100.0, "percent_branches_covered_display": "100"}, "missing_lines": [], "excluded_lines": [], "start_line": 43, "executed_branches": [[45, 46], [45, 47]], "missing_branches": []}, "_load_result_payload": {"executed_lines": [53, 54, 55, 56, 57, 58, 59], "summary": {"covered_lines": 7, "num_statements": 10, "percent_covered": 57.142857142857146, "percent_covered_display": "57", "missing_lines": 3, "excluded_lines": 0, "percent_statements_covered": 70.0, "percent_statements_covered_display": "70", "num_branches": 4, "num_partial_branches": 1, "covered_branches": 1, "missing_branches": 3, "percent_branches_covered": 25.0, "percent_branches_covered_display": "25"}, "missing_lines": [61, 62, 64], "excluded_lines": [], "start_line": 52, "executed_branches": [[53, 54]], "missing_branches": [[53, 61], [61, 62], [61, 64]]}, "_build_report_html": {"executed_lines": [68, 69, 79, 80, 81, 82, 83, 84, 86, 87, 99, 101, 102, 103, 104, 105, 111, 113, 117, 121, 126, 134], "summary": {"covered_lines": 22, "num_statements": 22, "percent_covered": 100.0, "percent_covered_display": "100", "missing_lines": 0, "excluded_lines": 0, "percent_statements_covered": 100.0, "percent_statements_covered_display": "100", "num_branches": 0, "num_partial_branches": 0, "covered_branches": 0, "missing_branches": 0, "percent_branches_covered": 100.0, "percent_branches_covered_display": "100"}, "missing_lines": [], "excluded_lines": [], "start_line": 67, "executed_branches": [], "missing_branches": []}, "_build_report_html.money": {"executed_lines": [114, 115], "summary": {"covered_lines": 2, "num_statements": 2, "percent_covered": 100.0, "percent_covered_display": "100", "missing_lines": 0, "excluded_lines": 0, "percent_statements_covered": 100.0, "percent_statements_covered_display": "100", "num_branches": 0, "num_partial_branches": 0, "covered_branches": 0, "missing_branches": 0, "percent_branches_covered": 100.0, "percent_branches_covered_display": "100"}, "missing_lines": [], "excluded_lines": [], "start_line": 113, "executed_branches": [], "missing_branches": []}, "_build_report_html.percent": {"executed_lines": [118, 119], "summary": {"covered_lines": 2, "num_statements": 2, "percent_covered": 100.0, "percent_covered_display": "100", "missing_lines": 0, "excluded_lines": 0, "percent_statements_covered": 100.0, "percent_statements_covered_display": "100", "num_branches": 0, "num_partial_branches": 0, "covered_branches": 0, "missing_branches": 0, "percent_branches_covered": 100.0, "percent_branches_covered_display": "100"}, "missing_lines": [], "excluded_lines": [], "start_line": 117, "executed_branches": [], "missing_branches": []}, "_build_report_html.percent_width": {"executed_lines": [122, 123, 124], "summary": {"covered_lines": 3, "num_statements": 3, "percent_covered": 100.0, "percent_covered_display": "100", "missing_lines": 0, "excluded_lines": 0, "percent_statements_covered": 100.0, "percent_statements_covered_display": "100", "num_branches": 0, "num_partial_branches": 0, "covered_branches": 0, "missing_branches": 0, "percent_branches_covered": 100.0, "percent_branches_covered_display": "100"}, "missing_lines": [], "excluded_lines": [], "start_line": 121, "executed_branches": [], "missing_branches": []}, "_build_report_html.score": {"executed_lines": [127, 129, 130], "summary": {"covered_lines": 3, "num_statements": 6, "percent_covered": 50.0, "percent_covered_display": "50", "missing_lines": 3, "excluded_lines": 0, "percent_statements_covered": 50.0, "percent_statements_covered_display": "50", "num_branches": 2, "num_partial_branches": 1, "covered_branches": 1, "missing_branches": 1, "percent_branches_covered": 50.0, "percent_branches_covered_display": "50"}, "missing_lines": [128, 131, 132], "excluded_lines": [], "start_line": 126, "executed_branches": [[127, 129]], "missing_branches": [[127, 128]]}, "create_result": {"executed_lines": [], "summary": {"covered_lines": 0, "num_statements": 8, "percent_covered": 0.0, "percent_covered_display": "0", "missing_lines": 8, "excluded_lines": 0, "percent_statements_covered": 0.0, "percent_statements_covered_display": "0", "num_branches": 2, "num_partial_branches": 0, "covered_branches": 0, "missing_branches": 2, "percent_branches_covered": 0.0, "percent_branches_covered_display": "0"}, "missing_lines": [163, 164, 165, 166, 167, 168, 169, 170], "excluded_lines": [], "start_line": 158, "executed_branches": [], "missing_branches": [[164, 165], [164, 166]]}, "list_results": {"executed_lines": [], "summary": {"covered_lines": 0, "num_statements": 4, "percent_covered": 0.0, "percent_covered_display": "0", "missing_lines": 4, "excluded_lines": 0, "percent_statements_covered": 0.0, "percent_statements_covered_display": "0", "num_branches": 0, "num_partial_branches": 0, "covered_branches": 0, "missing_branches": 0, "percent_branches_covered": 100.0, "percent_branches_covered_display": "100"}, "missing_lines": [180, 187, 188, 189], "excluded_lines": [], "start_line": 174, "executed_branches": [], "missing_branches": []}, "get_result_by_id": {"executed_lines": [], "summary": {"covered_lines": 0, "num_statements": 7, "percent_covered": 0.0, "percent_covered_display": "0", "missing_lines": 7, "excluded_lines": 0, "percent_statements_covered": 0.0, "percent_statements_covered_display": "0", "num_branches": 4, "num_partial_branches": 0, "covered_branches": 0, "missing_branches": 4, "percent_branches_covered": 0.0, "percent_branches_covered_display": "0"}, "missing_lines": [198, 199, 200, 201, 202, 203, 204], "excluded_lines": [], "start_line": 193, "executed_branches": [], "missing_branches": [[199, 200], [199, 201], [202, 203], [202, 204]]}, "get_job_result": {"executed_lines": [], "summary": {"covered_lines": 0, "num_statements": 9, "percent_covered": 0.0, "percent_covered_display": "0", "missing_lines": 9, "excluded_lines": 0, "percent_statements_covered": 0.0, "percent_statements_covered_display": "0", "num_branches": 4, "num_partial_branches": 0, "covered_branches": 0, "missing_branches": 4, "percent_branches_covered": 0.0, "percent_branches_covered_display": "0"}, "missing_lines": [213, 214, 215, 217, 218, 219, 221, 222, 224], "excluded_lines": [], "start_line": 208, "executed_branches": [], "missing_branches": [[214, 215], [214, 217], [221, 222], [221, 224]]}, "export_job_report": {"executed_lines": [], "summary": {"covered_lines": 0, "num_statements": 28, "percent_covered": 0.0, "percent_covered_display": "0", "missing_lines": 28, "excluded_lines": 0, "percent_statements_covered": 0.0, "percent_statements_covered_display": "0", "num_branches": 6, "num_partial_branches": 0, "covered_branches": 0, "missing_branches": 6, "percent_branches_covered": 0.0, "percent_branches_covered_display": "0"}, "missing_lines": [233, 234, 235, 237, 238, 239, 241, 242, 244, 245, 246, 247, 248, 249, 251, 252, 253, 254, 255, 256, 257, 258, 260, 261, 267, 269, 270, 271], "excluded_lines": [], "start_line": 228, "executed_branches": [], "missing_branches": [[234, 235], [234, 237], [241, 242], [241, 244], [260, 261], [260, 269]]}, "update_result": {"executed_lines": [], "summary": {"covered_lines": 0, "num_statements": 13, "percent_covered": 0.0, "percent_covered_display": "0", "missing_lines": 13, "excluded_lines": 0, "percent_statements_covered": 0.0, "percent_statements_covered_display": "0", "num_branches": 6, "num_partial_branches": 0, "covered_branches": 0, "missing_branches": 6, "percent_branches_covered": 0.0, "percent_branches_covered_display": "0"}, "missing_lines": [281, 282, 283, 284, 285, 286, 287, 288, 289, 290, 291, 292, 293], "excluded_lines": [], "start_line": 275, "executed_branches": [], "missing_branches": [[282, 283], [282, 284], [285, 286], [285, 287], [288, 289], [288, 290]]}, "delete_result": {"executed_lines": [], "summary": {"covered_lines": 0, "num_statements": 9, "percent_covered": 0.0, "percent_covered_display": "0", "missing_lines": 9, "excluded_lines": 0, "percent_statements_covered": 0.0, "percent_statements_covered_display": "0", "num_branches": 4, "num_partial_branches": 0, "covered_branches": 0, "missing_branches": 4, "percent_branches_covered": 0.0, "percent_branches_covered_display": "0"}, "missing_lines": [302, 303, 304, 305, 306, 307, 308, 309, 310], "excluded_lines": [], "start_line": 297, "executed_branches": [], "missing_branches": [[303, 304], [303, 305], [306, 307], [306, 308]]}, "": {"executed_lines": [1, 2, 3, 4, 5, 6, 7, 8, 9, 10, 11, 13, 14, 15, 16, 17, 19, 20, 21, 22, 23, 24, 26, 27, 32, 35, 43, 52, 67, 157, 158, 173, 174, 192, 193, 207, 208, 227, 228, 274, 275, 296, 297], "summary": {"covered_lines": 43, "num_statements": 43, "percent_covered": 100.0, "percent_covered_display": "100", "missing_lines": 0, "excluded_lines": 0, "percent_statements_covered": 100.0, "percent_statements_covered_display": "100", "num_branches": 0, "num_partial_branches": 0, "covered_branches": 0, "missing_branches": 0, "percent_branches_covered": 100.0, "percent_branches_covered_display": "100"}, "missing_lines": [], "excluded_lines": [], "start_line": 1, "executed_branches": [], "missing_branches": []}}, "classes": {"": {"executed_lines": [1, 2, 3, 4, 5, 6, 7, 8, 9, 10, 11, 13, 14, 15, 16, 17, 19, 20, 21, 22, 23, 24, 26, 27, 32, 35, 43, 44, 45, 46, 47, 48, 49, 52, 53, 54, 55, 56, 57, 58, 59, 67, 68, 69, 79, 80, 81, 82, 83, 84, 86, 87, 99, 101, 102, 103, 104, 105, 111, 113, 114, 115, 117, 118, 119, 121, 122, 123, 124, 126, 127, 129, 130, 134, 157, 158, 173, 174, 192, 193, 207, 208, 227, 228, 274, 275, 296, 297], "summary": {"covered_lines": 88, "num_statements": 176, "percent_covered": 43.39622641509434, "percent_covered_display": "43", "missing_lines": 88, "excluded_lines": 0, "percent_statements_covered": 50.0, "percent_statements_covered_display": "50", "num_branches": 36, "num_partial_branches": 2, "covered_branches": 4, "missing_branches": 32, "percent_branches_covered": 11.11111111111111, "percent_branches_covered_display": "11"}, "missing_lines": [36, 37, 39, 40, 61, 62, 64, 128, 131, 132, 163, 164, 165, 166, 167, 168, 169, 170, 180, 187, 188, 189, 198, 199, 200, 201, 202, 203, 204, 213, 214, 215, 217, 218, 219, 221, 222, 224, 233, 234, 235, 237, 238, 239, 241, 242, 244, 245, 246, 247, 248, 249, 251, 252, 253, 254, 255, 256, 257, 258, 260, 261, 267, 269, 270, 271, 281, 282, 283, 284, 285, 286, 287, 288, 289, 290, 291, 292, 293, 302, 303, 304, 305, 306, 307, 308, 309, 310], "excluded_lines": [], "start_line": 1, "executed_branches": [[45, 46], [45, 47], [53, 54], [127, 129]], "missing_branches": [[36, 37], [36, 39], [53, 61], [61, 62], [61, 64], [127, 128], [164, 165], [164, 166], [199, 200], [199, 201], [202, 203], [202, 204], [214, 215], [214, 217], [221, 222], [221, 224], [234, 235], [234, 237], [241, 242], [241, 244], [260, 261], [260, 269], [282, 283], [282, 284], [285, 286], [285, 287], [288, 289], [288, 290], [303, 304], [303, 305], [306, 307], [306, 308]]}}}, "app\\api\\jobs.py": {"executed_lines": [1, 13, 14, 15, 16, 17, 18, 21, 22, 25, 28, 31, 34, 37, 38, 39, 40, 41, 42, 43, 45, 46, 47, 48, 49, 50, 52, 55, 56, 57, 59, 60, 61, 62, 63, 65, 66, 67, 68, 70, 71, 72, 73, 76, 111, 112, 136, 137, 150, 151, 164, 165, 188, 189, 229, 230, 231, 232], "summary": {"covered_lines": 58, "num_statements": 97, "percent_covered": 55.75221238938053, "percent_covered_display": "56", "missing_lines": 39, "excluded_lines": 182, "percent_statements_covered": 59.79381443298969, "percent_statements_covered_display": "60", "num_branches": 16, "num_partial_branches": 3, "covered_branches": 5, "missing_branches": 11, "percent_branches_covered": 31.25, "percent_branches_covered_display": "31"}, "missing_lines": [23, 26, 29, 32, 35, 117, 118, 119, 121, 122, 125, 126, 129, 131, 133, 143, 144, 145, 147, 156, 158, 159, 161, 171, 173, 174, 176, 178, 179, 181, 182, 183, 185, 194, 196, 197, 199, 200, 202], "excluded_lines": [80, 81, 82, 83, 84, 85, 86, 87, 88, 89, 90, 91, 92, 93, 94, 95, 96, 97, 98, 99, 100, 101, 102, 103, 104, 105, 106, 107, 108, 109, 205, 206, 207, 208, 209, 210, 211, 212, 213, 214, 215, 216, 217, 218, 219, 220, 221, 222, 223, 224, 225, 226, 241, 242, 243, 244, 245, 246, 247, 248, 249, 250, 251, 252, 253, 254, 255, 256, 257, 258, 259, 260, 261, 262, 263, 264, 265, 266, 267, 268, 269, 270, 271, 272, 273, 274, 275, 276, 277, 278, 279, 280, 281, 282, 283, 284, 285, 286, 287, 288, 289, 290, 291, 292, 293, 294, 295, 296, 297, 298, 299, 300, 301, 302, 303, 304, 305, 306, 307, 308, 309, 310, 311, 312, 313, 314, 315, 316, 317, 318, 319, 320, 321, 322, 323, 324, 325, 326, 327, 328, 329, 330, 331, 332, 333, 334, 335, 336, 337, 338, 339, 340, 341, 342, 343, 344, 345, 346, 347, 348, 349, 350, 351, 352, 353, 354, 355, 356, 357, 358, 359, 360, 361, 362, 363, 364, 365, 366, 367, 368, 369, 370], "executed_branches": [[61, 62], [67, 68], [71, 72], [72, -70], [72, 73]], "missing_branches": [[61, 63], [67, -65], [71, -70], [158, 159], [158, 161], [173, 174], [173, 176], [178, 179], [178, 181], [196, 197], [196, 199]], "functions": {"ConnectionManager.__init__": {"executed_lines": [57], "summary": {"covered_lines": 1, "num_statements": 1, "percent_covered": 100.0, "percent_covered_display": "100", "missing_lines": 0, "excluded_lines": 0, "percent_statements_covered": 100.0, "percent_statements_covered_display": "100", "num_branches": 0, "num_partial_branches": 0, "covered_branches": 0, "missing_branches": 0, "percent_branches_covered": 100.0, "percent_branches_covered_display": "100"}, "missing_lines": [], "excluded_lines": [], "start_line": 56, "executed_branches": [], "missing_branches": []}, "ConnectionManager.connect": {"executed_lines": [60, 61, 62, 63], "summary": {"covered_lines": 4, "num_statements": 4, "percent_covered": 83.33333333333333, "percent_covered_display": "83", "missing_lines": 0, "excluded_lines": 0, "percent_statements_covered": 100.0, "percent_statements_covered_display": "100", "num_branches": 2, "num_partial_branches": 1, "covered_branches": 1, "missing_branches": 1, "percent_branches_covered": 50.0, "percent_branches_covered_display": "50"}, "missing_lines": [], "excluded_lines": [], "start_line": 59, "executed_branches": [[61, 62]], "missing_branches": [[61, 63]]}, "ConnectionManager.disconnect": {"executed_lines": [66, 67, 68], "summary": {"covered_lines": 3, "num_statements": 3, "percent_covered": 80.0, "percent_covered_display": "80", "missing_lines": 0, "excluded_lines": 0, "percent_statements_covered": 100.0, "percent_statements_covered_display": "100", "num_branches": 2, "num_partial_branches": 1, "covered_branches": 1, "missing_branches": 1, "percent_branches_covered": 50.0, "percent_branches_covered_display": "50"}, "missing_lines": [], "excluded_lines": [], "start_line": 65, "executed_branches": [[67, 68]], "missing_branches": [[67, -65]]}, "ConnectionManager.send_personal_message": {"executed_lines": [71, 72, 73], "summary": {"covered_lines": 3, "num_statements": 3, "percent_covered": 85.71428571428571, "percent_covered_display": "86", "missing_lines": 0, "excluded_lines": 0, "percent_statements_covered": 100.0, "percent_statements_covered_display": "100", "num_branches": 4, "num_partial_branches": 1, "covered_branches": 3, "missing_branches": 1, "percent_branches_covered": 75.0, "percent_branches_covered_display": "75"}, "missing_lines": [], "excluded_lines": [], "start_line": 70, "executed_branches": [[71, 72], [72, -70], [72, 73]], "missing_branches": [[71, -70]]}, "consume_job_events": {"executed_lines": [], "summary": {"covered_lines": 0, "num_statements": 0, "percent_covered": 100.0, "percent_covered_display": "100", "missing_lines": 0, "excluded_lines": 29, "percent_statements_covered": 100.0, "percent_statements_covered_display": "100", "num_branches": 0, "num_partial_branches": 0, "covered_branches": 0, "missing_branches": 0, "percent_branches_covered": 100.0, "percent_branches_covered_display": "100"}, "missing_lines": [], "excluded_lines": [81, 82, 83, 84, 85, 86, 87, 88, 89, 90, 91, 92, 93, 94, 95, 96, 97, 98, 99, 100, 101, 102, 103, 104, 105, 106, 107, 108, 109], "start_line": 80, "executed_branches": [], "missing_branches": []}, "create_job": {"executed_lines": [], "summary": {"covered_lines": 0, "num_statements": 10, "percent_covered": 0.0, "percent_covered_display": "0", "missing_lines": 10, "excluded_lines": 0, "percent_statements_covered": 0.0, "percent_statements_covered_display": "0", "num_branches": 0, "num_partial_branches": 0, "covered_branches": 0, "missing_branches": 0, "percent_branches_covered": 100.0, "percent_branches_covered_display": "100"}, "missing_lines": [117, 118, 119, 121, 122, 125, 126, 129, 131, 133], "excluded_lines": [], "start_line": 112, "executed_branches": [], "missing_branches": []}, "list_jobs": {"executed_lines": [], "summary": {"covered_lines": 0, "num_statements": 4, "percent_covered": 0.0, "percent_covered_display": "0", "missing_lines": 4, "excluded_lines": 0, "percent_statements_covered": 0.0, "percent_statements_covered_display": "0", "num_branches": 0, "num_partial_branches": 0, "covered_branches": 0, "missing_branches": 0, "percent_branches_covered": 100.0, "percent_branches_covered_display": "100"}, "missing_lines": [143, 144, 145, 147], "excluded_lines": [], "start_line": 137, "executed_branches": [], "missing_branches": []}, "get_job": {"executed_lines": [], "summary": {"covered_lines": 0, "num_statements": 4, "percent_covered": 0.0, "percent_covered_display": "0", "missing_lines": 4, "excluded_lines": 0, "percent_statements_covered": 0.0, "percent_statements_covered_display": "0", "num_branches": 2, "num_partial_branches": 0, "covered_branches": 0, "missing_branches": 2, "percent_branches_covered": 0.0, "percent_branches_covered_display": "0"}, "missing_lines": [156, 158, 159, 161], "excluded_lines": [], "start_line": 151, "executed_branches": [], "missing_branches": [[158, 159], [158, 161]]}, "update_job": {"executed_lines": [], "summary": {"covered_lines": 0, "num_statements": 10, "percent_covered": 0.0, "percent_covered_display": "0", "missing_lines": 10, "excluded_lines": 0, "percent_statements_covered": 0.0, "percent_statements_covered_display": "0", "num_branches": 4, "num_partial_branches": 0, "covered_branches": 0, "missing_branches": 4, "percent_branches_covered": 0.0, "percent_branches_covered_display": "0"}, "missing_lines": [171, 173, 174, 176, 178, 179, 181, 182, 183, 185], "excluded_lines": [], "start_line": 165, "executed_branches": [], "missing_branches": [[173, 174], [173, 176], [178, 179], [178, 181]]}, "delete_job": {"executed_lines": [], "summary": {"covered_lines": 0, "num_statements": 6, "percent_covered": 0.0, "percent_covered_display": "0", "missing_lines": 6, "excluded_lines": 0, "percent_statements_covered": 0.0, "percent_statements_covered_display": "0", "num_branches": 2, "num_partial_branches": 0, "covered_branches": 0, "missing_branches": 2, "percent_branches_covered": 0.0, "percent_branches_covered_display": "0"}, "missing_lines": [194, 196, 197, 199, 200, 202], "excluded_lines": [], "start_line": 189, "executed_branches": [], "missing_branches": [[196, 197], [196, 199]]}, "websocket_job_events": {"executed_lines": [], "summary": {"covered_lines": 0, "num_statements": 0, "percent_covered": 100.0, "percent_covered_display": "100", "missing_lines": 0, "excluded_lines": 20, "percent_statements_covered": 100.0, "percent_statements_covered_display": "100", "num_branches": 0, "num_partial_branches": 0, "covered_branches": 0, "missing_branches": 0, "percent_branches_covered": 100.0, "percent_branches_covered_display": "100"}, "missing_lines": [], "excluded_lines": [207, 208, 209, 210, 211, 212, 213, 214, 215, 216, 217, 218, 219, 220, 221, 222, 223, 224, 225, 226], "start_line": 206, "executed_branches": [], "missing_branches": []}, "perform_job": {"executed_lines": [], "summary": {"covered_lines": 0, "num_statements": 0, "percent_covered": 100.0, "percent_covered_display": "100", "missing_lines": 0, "excluded_lines": 129, "percent_statements_covered": 100.0, "percent_statements_covered_display": "100", "num_branches": 0, "num_partial_branches": 0, "covered_branches": 0, "missing_branches": 0, "percent_branches_covered": 100.0, "percent_branches_covered_display": "100"}, "missing_lines": [], "excluded_lines": [242, 243, 244, 245, 246, 247, 248, 249, 250, 251, 252, 253, 254, 255, 256, 257, 258, 259, 260, 261, 262, 263, 264, 265, 266, 267, 268, 269, 270, 271, 272, 273, 274, 275, 276, 277, 278, 279, 280, 281, 282, 283, 284, 285, 286, 287, 288, 289, 290, 291, 292, 293, 294, 295, 296, 297, 298, 299, 300, 301, 302, 303, 304, 305, 306, 307, 308, 309, 310, 311, 312, 313, 314, 315, 316, 317, 318, 319, 320, 321, 322, 323, 324, 325, 326, 327, 328, 329, 330, 331, 332, 333, 334, 335, 336, 337, 338, 339, 340, 341, 342, 343, 344, 345, 346, 347, 348, 349, 350, 351, 352, 353, 354, 355, 356, 357, 358, 359, 360, 361, 362, 363, 364, 365, 366, 367, 368, 369, 370], "start_line": 241, "executed_branches": [], "missing_branches": []}, "": {"executed_lines": [1, 13, 14, 15, 16, 17, 18, 21, 22, 25, 28, 31, 34, 37, 38, 39, 40, 41, 42, 43, 45, 46, 47, 48, 49, 50, 52, 55, 56, 59, 65, 70, 76, 111, 112, 136, 137, 150, 151, 164, 165, 188, 189, 229, 230, 231, 232], "summary": {"covered_lines": 47, "num_statements": 52, "percent_covered": 90.38461538461539, "percent_covered_display": "90", "missing_lines": 5, "excluded_lines": 4, "percent_statements_covered": 90.38461538461539, "percent_statements_covered_display": "90", "num_branches": 0, "num_partial_branches": 0, "covered_branches": 0, "missing_branches": 0, "percent_branches_covered": 100.0, "percent_branches_covered_display": "100"}, "missing_lines": [23, 26, 29, 32, 35], "excluded_lines": [80, 205, 206, 241], "start_line": 1, "executed_branches": [], "missing_branches": []}}, "classes": {"ConnectionManager": {"executed_lines": [57, 60, 61, 62, 63, 66, 67, 68, 71, 72, 73], "summary": {"covered_lines": 11, "num_statements": 11, "percent_covered": 84.21052631578948, "percent_covered_display": "84", "missing_lines": 0, "excluded_lines": 0, "percent_statements_covered": 100.0, "percent_statements_covered_display": "100", "num_branches": 8, "num_partial_branches": 3, "covered_branches": 5, "missing_branches": 3, "percent_branches_covered": 62.5, "percent_branches_covered_display": "62"}, "missing_lines": [], "excluded_lines": [], "start_line": 55, "executed_branches": [[61, 62], [67, 68], [71, 72], [72, -70], [72, 73]], "missing_branches": [[61, 63], [67, -65], [71, -70]]}, "JobStatus": {"executed_lines": [], "summary": {"covered_lines": 0, "num_statements": 0, "percent_covered": 100.0, "percent_covered_display": "100", "missing_lines": 0, "excluded_lines": 0, "percent_statements_covered": 100.0, "percent_statements_covered_display": "100", "num_branches": 0, "num_partial_branches": 0, "covered_branches": 0, "missing_branches": 0, "percent_branches_covered": 100.0, "percent_branches_covered_display": "100"}, "missing_lines": [], "excluded_lines": [], "start_line": 229, "executed_branches": [], "missing_branches": []}, "": {"executed_lines": [1, 13, 14, 15, 16, 17, 18, 21, 22, 25, 28, 31, 34, 37, 38, 39, 40, 41, 42, 43, 45, 46, 47, 48, 49, 50, 52, 55, 56, 59, 65, 70, 76, 111, 112, 136, 137, 150, 151, 164, 165, 188, 189, 229, 230, 231, 232], "summary": {"covered_lines": 47, "num_statements": 86, "percent_covered": 50.0, "percent_covered_display": "50", "missing_lines": 39, "excluded_lines": 182, "percent_statements_covered": 54.651162790697676, "percent_statements_covered_display": "55", "num_branches": 8, "num_partial_branches": 0, "covered_branches": 0, "missing_branches": 8, "percent_branches_covered": 0.0, "percent_branches_covered_display": "0"}, "missing_lines": [23, 26, 29, 32, 35, 117, 118, 119, 121, 122, 125, 126, 129, 131, 133, 143, 144, 145, 147, 156, 158, 159, 161, 171, 173, 174, 176, 178, 179, 181, 182, 183, 185, 194, 196, 197, 199, 200, 202], "excluded_lines": [80, 81, 82, 83, 84, 85, 86, 87, 88, 89, 90, 91, 92, 93, 94, 95, 96, 97, 98, 99, 100, 101, 102, 103, 104, 105, 106, 107, 108, 109, 205, 206, 207, 208, 209, 210, 211, 212, 213, 214, 215, 216, 217, 218, 219, 220, 221, 222, 223, 224, 225, 226, 241, 242, 243, 244, 245, 246, 247, 248, 249, 250, 251, 252, 253, 254, 255, 256, 257, 258, 259, 260, 261, 262, 263, 264, 265, 266, 267, 268, 269, 270, 271, 272, 273, 274, 275, 276, 277, 278, 279, 280, 281, 282, 283, 284, 285, 286, 287, 288, 289, 290, 291, 292, 293, 294, 295, 296, 297, 298, 299, 300, 301, 302, 303, 304, 305, 306, 307, 308, 309, 310, 311, 312, 313, 314, 315, 316, 317, 318, 319, 320, 321, 322, 323, 324, 325, 326, 327, 328, 329, 330, 331, 332, 333, 334, 335, 336, 337, 338, 339, 340, 341, 342, 343, 344, 345, 346, 347, 348, 349, 350, 351, 352, 353, 354, 355, 356, 357, 358, 359, 360, 361, 362, 363, 364, 365, 366, 367, 368, 369, 370], "start_line": 1, "executed_branches": [], "missing_branches": [[158, 159], [158, 161], [173, 174], [173, 176], [178, 179], [178, 181], [196, 197], [196, 199]]}}}, "app\\api\\users.py": {"executed_lines": [1, 2, 3, 4, 5, 6, 8, 9, 10, 11, 12, 13, 15, 18, 19, 20, 21, 26, 27, 32, 33, 36, 37, 45, 46, 51, 52, 121, 122, 129, 130, 148, 149], "summary": {"covered_lines": 33, "num_statements": 96, "percent_covered": 25.36231884057971, "percent_covered_display": "25", "missing_lines": 63, "excluded_lines": 0, "percent_statements_covered": 34.375, "percent_statements_covered_display": "34", "num_branches": 42, "num_partial_branches": 2, "covered_branches": 2, "missing_branches": 40, "percent_branches_covered": 4.761904761904762, "percent_branches_covered_display": "5"}, "missing_lines": [22, 28, 40, 41, 42, 48, 58, 60, 61, 62, 63, 69, 70, 75, 76, 77, 78, 82, 84, 85, 86, 87, 91, 93, 94, 95, 99, 100, 104, 106, 107, 108, 109, 110, 111, 113, 115, 116, 117, 118, 123, 124, 125, 126, 133, 134, 135, 136, 137, 138, 139, 140, 141, 142, 143, 144, 145, 150, 151, 152, 153, 154, 155], "excluded_lines": [], "executed_branches": [[21, 26], [27, 32]], "missing_branches": [[21, 22], [27, 28], [61, 62], [61, 75], [62, 63], [62, 69], [69, 70], [69, 75], [75, 76], [75, 84], [77, 78], [77, 82], [84, 85], [84, 93], [86, 87], [86, 91], [93, 94], [93, 106], [94, 95], [94, 99], [99, 100], [99, 104], [106, 107], [106, 108], [108, 109], [108, 110], [110, 111], [110, 113], [124, 125], [124, 126], [134, 135], [134, 136], [136, 137], [136, 138], [138, 139], [138, 140], [140, 141], [140, 142], [151, 152], [151, 153]], "functions": {"create_user": {"executed_lines": [20, 21, 26, 27, 32, 33], "summary": {"covered_lines": 6, "num_statements": 8, "percent_covered": 66.66666666666667, "percent_covered_display": "67", "missing_lines": 2, "excluded_lines": 0, "percent_statements_covered": 75.0, "percent_statements_covered_display": "75", "num_branches": 4, "num_partial_branches": 2, "covered_branches": 2, "missing_branches": 2, "percent_branches_covered": 50.0, "percent_branches_covered_display": "50"}, "missing_lines": [22, 28], "excluded_lines": [], "start_line": 19, "executed_branches": [[21, 26], [27, 32]], "missing_branches": [[21, 22], [27, 28]]}, "list_users": {"executed_lines": [], "summary": {"covered_lines": 0, "num_statements": 3, "percent_covered": 0.0, "percent_covered_display": "0", "missing_lines": 3, "excluded_lines": 0, "percent_statements_covered": 0.0, "percent_statements_covered_display": "0", "num_branches": 0, "num_partial_branches": 0, "covered_branches": 0, "missing_branches": 0, "percent_branches_covered": 100.0, "percent_branches_covered_display": "100"}, "missing_lines": [40, 41, 42], "excluded_lines": [], "start_line": 37, "executed_branches": [], "missing_branches": []}, "get_profile": {"executed_lines": [], "summary": {"covered_lines": 0, "num_statements": 1, "percent_covered": 0.0, "percent_covered_display": "0", "missing_lines": 1, "excluded_lines": 0, "percent_statements_covered": 0.0, "percent_statements_covered_display": "0", "num_branches": 0, "num_partial_branches": 0, "covered_branches": 0, "missing_branches": 0, "percent_branches_covered": 100.0, "percent_branches_covered_display": "100"}, "missing_lines": [48], "excluded_lines": [], "start_line": 46, "executed_branches": [], "missing_branches": []}, "update_profile": {"executed_lines": [], "summary": {"covered_lines": 0, "num_statements": 34, "percent_covered": 0.0, "percent_covered_display": "0", "missing_lines": 34, "excluded_lines": 0, "percent_statements_covered": 0.0, "percent_statements_covered_display": "0", "num_branches": 26, "num_partial_branches": 0, "covered_branches": 0, "missing_branches": 26, "percent_branches_covered": 0.0, "percent_branches_covered_display": "0"}, "missing_lines": [58, 60, 61, 62, 63, 69, 70, 75, 76, 77, 78, 82, 84, 85, 86, 87, 91, 93, 94, 95, 99, 100, 104, 106, 107, 108, 109, 110, 111, 113, 115, 116, 117, 118], "excluded_lines": [], "start_line": 52, "executed_branches": [], "missing_branches": [[61, 62], [61, 75], [62, 63], [62, 69], [69, 70], [69, 75], [75, 76], [75, 84], [77, 78], [77, 82], [84, 85], [84, 93], [86, 87], [86, 91], [93, 94], [93, 106], [94, 95], [94, 99], [99, 100], [99, 104], [106, 107], [106, 108], [108, 109], [108, 110], [110, 111], [110, 113]]}, "get_user": {"executed_lines": [], "summary": {"covered_lines": 0, "num_statements": 4, "percent_covered": 0.0, "percent_covered_display": "0", "missing_lines": 4, "excluded_lines": 0, "percent_statements_covered": 0.0, "percent_statements_covered_display": "0", "num_branches": 2, "num_partial_branches": 0, "covered_branches": 0, "missing_branches": 2, "percent_branches_covered": 0.0, "percent_branches_covered_display": "0"}, "missing_lines": [123, 124, 125, 126], "excluded_lines": [], "start_line": 122, "executed_branches": [], "missing_branches": [[124, 125], [124, 126]]}, "update_user": {"executed_lines": [], "summary": {"covered_lines": 0, "num_statements": 13, "percent_covered": 0.0, "percent_covered_display": "0", "missing_lines": 13, "excluded_lines": 0, "percent_statements_covered": 0.0, "percent_statements_covered_display": "0", "num_branches": 8, "num_partial_branches": 0, "covered_branches": 0, "missing_branches": 8, "percent_branches_covered": 0.0, "percent_branches_covered_display": "0"}, "missing_lines": [133, 134, 135, 136, 137, 138, 139, 140, 141, 142, 143, 144, 145], "excluded_lines": [], "start_line": 130, "executed_branches": [], "missing_branches": [[134, 135], [134, 136], [136, 137], [136, 138], [138, 139], [138, 140], [140, 141], [140, 142]]}, "delete_user": {"executed_lines": [], "summary": {"covered_lines": 0, "num_statements": 6, "percent_covered": 0.0, "percent_covered_display": "0", "missing_lines": 6, "excluded_lines": 0, "percent_statements_covered": 0.0, "percent_statements_covered_display": "0", "num_branches": 2, "num_partial_branches": 0, "covered_branches": 0, "missing_branches": 2, "percent_branches_covered": 0.0, "percent_branches_covered_display": "0"}, "missing_lines": [150, 151, 152, 153, 154, 155], "excluded_lines": [], "start_line": 149, "executed_branches": [], "missing_branches": [[151, 152], [151, 153]]}, "": {"executed_lines": [1, 2, 3, 4, 5, 6, 8, 9, 10, 11, 12, 13, 15, 18, 19, 36, 37, 45, 46, 51, 52, 121, 122, 129, 130, 148, 149], "summary": {"covered_lines": 27, "num_statements": 27, "percent_covered": 100.0, "percent_covered_display": "100", "missing_lines": 0, "excluded_lines": 0, "percent_statements_covered": 100.0, "percent_statements_covered_display": "100", "num_branches": 0, "num_partial_branches": 0, "covered_branches": 0, "missing_branches": 0, "percent_branches_covered": 100.0, "percent_branches_covered_display": "100"}, "missing_lines": [], "excluded_lines": [], "start_line": 1, "executed_branches": [], "missing_branches": []}}, "classes": {"": {"executed_lines": [1, 2, 3, 4, 5, 6, 8, 9, 10, 11, 12, 13, 15, 18, 19, 20, 21, 26, 27, 32, 33, 36, 37, 45, 46, 51, 52, 121, 122, 129, 130, 148, 149], "summary": {"covered_lines": 33, "num_statements": 96, "percent_covered": 25.36231884057971, "percent_covered_display": "25", "missing_lines": 63, "excluded_lines": 0, "percent_statements_covered": 34.375, "percent_statements_covered_display": "34", "num_branches": 42, "num_partial_branches": 2, "covered_branches": 2, "missing_branches": 40, "percent_branches_covered": 4.761904761904762, "percent_branches_covered_display": "5"}, "missing_lines": [22, 28, 40, 41, 42, 48, 58, 60, 61, 62, 63, 69, 70, 75, 76, 77, 78, 82, 84, 85, 86, 87, 91, 93, 94, 95, 99, 100, 104, 106, 107, 108, 109, 110, 111, 113, 115, 116, 117, 118, 123, 124, 125, 126, 133, 134, 135, 136, 137, 138, 139, 140, 141, 142, 143, 144, 145, 150, 151, 152, 153, 154, 155], "excluded_lines": [], "start_line": 1, "executed_branches": [[21, 26], [27, 32]], "missing_branches": [[21, 22], [27, 28], [61, 62], [61, 75], [62, 63], [62, 69], [69, 70], [69, 75], [75, 76], [75, 84], [77, 78], [77, 82], [84, 85], [84, 93], [86, 87], [86, 91], [93, 94], [93, 106], [94, 95], [94, 99], [99, 100], [99, 104], [106, 107], [106, 108], [108, 109], [108, 110], [110, 111], [110, 113], [124, 125], [124, 126], [134, 135], [134, 136], [136, 137], [136, 138], [138, 139], [138, 140], [140, 141], [140, 142], [151, 152], [151, 153]]}}}, "app\\core\\auth.py": {"executed_lines": [1, 2, 4, 5, 8, 9, 11, 17, 18, 20, 21, 22, 25, 26, 27, 29, 32, 33, 36, 64, 80, 81, 82, 83, 84, 87, 88, 89], "summary": {"covered_lines": 28, "num_statements": 54, "percent_covered": 45.45454545454545, "percent_covered_display": "45", "missing_lines": 26, "excluded_lines": 4, "percent_statements_covered": 51.851851851851855, "percent_statements_covered_display": "52", "num_branches": 12, "num_partial_branches": 0, "covered_branches": 2, "missing_branches": 10, "percent_branches_covered": 16.666666666666668, "percent_branches_covered_display": "17"}, "missing_lines": [39, 44, 45, 50, 51, 52, 53, 54, 55, 56, 57, 58, 59, 60, 61, 66, 67, 68, 69, 70, 71, 72, 73, 74, 76, 77], "excluded_lines": [12, 13, 14, 15], "executed_branches": [[81, 82], [81, 83]], "missing_branches": [[44, 45], [44, 50], [53, 54], [53, 55], [59, 60], [59, 61], [66, 67], [66, 68], [71, 72], [71, 76]], "functions": {"get_current_user": {"executed_lines": [], "summary": {"covered_lines": 0, "num_statements": 15, "percent_covered": 0.0, "percent_covered_display": "0", "missing_lines": 15, "excluded_lines": 0, "percent_statements_covered": 0.0, "percent_statements_covered_display": "0", "num_branches": 6, "num_partial_branches": 0, "covered_branches": 0, "missing_branches": 6, "percent_branches_covered": 0.0, "percent_branches_covered_display": "0"}, "missing_lines": [39, 44, 45, 50, 51, 52, 53, 54, 55, 56, 57, 58, 59, 60, 61], "excluded_lines": [], "start_line": 36, "executed_branches": [], "missing_branches": [[44, 45], [44, 50], [53, 54], [53, 55], [59, 60], [59, 61]]}, "get_user_from_token": {"executed_lines": [], "summary": {"covered_lines": 0, "num_statements": 11, "percent_covered": 0.0, "percent_covered_display": "0", "missing_lines": 11, "excluded_lines": 0, "percent_statements_covered": 0.0, "percent_statements_covered_display": "0", "num_branches": 4, "num_partial_branches": 0, "covered_branches": 0, "missing_branches": 4, "percent_branches_covered": 0.0, "percent_branches_covered_display": "0"}, "missing_lines": [66, 67, 68, 69, 70, 71, 72, 73, 74, 76, 77], "excluded_lines": [], "start_line": 64, "executed_branches": [], "missing_branches": [[66, 67], [66, 68], [71, 72], [71, 76]]}, "create_access_token": {"executed_lines": [81, 82, 83, 84, 87, 88, 89], "summary": {"covered_lines": 7, "num_statements": 7, "percent_covered": 100.0, "percent_covered_display": "100", "missing_lines": 0, "excluded_lines": 0, "percent_statements_covered": 100.0, "percent_statements_covered_display": "100", "num_branches": 2, "num_partial_branches": 0, "covered_branches": 2, "missing_branches": 0, "percent_branches_covered": 100.0, "percent_branches_covered_display": "100"}, "missing_lines": [], "excluded_lines": [], "start_line": 80, "executed_branches": [[81, 82], [81, 83]], "missing_branches": []}, "": {"executed_lines": [1, 2, 4, 5, 8, 9, 11, 17, 18, 20, 21, 22, 25, 26, 27, 29, 32, 33, 36, 64, 80], "summary": {"covered_lines": 21, "num_statements": 21, "percent_covered": 100.0, "percent_covered_display": "100", "missing_lines": 0, "excluded_lines": 4, "percent_statements_covered": 100.0, "percent_statements_covered_display": "100", "num_branches": 0, "num_partial_branches": 0, "covered_branches": 0, "missing_branches": 0, "percent_branches_covered": 100.0, "percent_branches_covered_display": "100"}, "missing_lines": [], "excluded_lines": [12, 13, 14, 15], "start_line": 1, "executed_branches": [], "missing_branches": []}}, "classes": {"TokenData": {"executed_lines": [], "summary": {"covered_lines": 0, "num_statements": 0, "percent_covered": 100.0, "percent_covered_display": "100", "missing_lines": 0, "excluded_lines": 0, "percent_statements_covered": 100.0, "percent_statements_covered_display": "100", "num_branches": 0, "num_partial_branches": 0, "covered_branches": 0, "missing_branches": 0, "percent_branches_covered": 100.0, "percent_branches_covered_display": "100"}, "missing_lines": [], "excluded_lines": [], "start_line": 32, "executed_branches": [], "missing_branches": []}, "": {"executed_lines": [1, 2, 4, 5, 8, 9, 11, 17, 18, 20, 21, 22, 25, 26, 27, 29, 32, 33, 36, 64, 80, 81, 82, 83, 84, 87, 88, 89], "summary": {"covered_lines": 28, "num_statements": 54, "percent_covered": 45.45454545454545, "percent_covered_display": "45", "missing_lines": 26, "excluded_lines": 4, "percent_statements_covered": 51.851851851851855, "percent_statements_covered_display": "52", "num_branches": 12, "num_partial_branches": 0, "covered_branches": 2, "missing_branches": 10, "percent_branches_covered": 16.666666666666668, "percent_branches_covered_display": "17"}, "missing_lines": [39, 44, 45, 50, 51, 52, 53, 54, 55, 56, 57, 58, 59, 60, 61, 66, 67, 68, 69, 70, 71, 72, 73, 74, 76, 77], "excluded_lines": [12, 13, 14, 15], "start_line": 1, "executed_branches": [[81, 82], [81, 83]], "missing_branches": [[44, 45], [44, 50], [53, 54], [53, 55], [59, 60], [59, 61], [66, 67], [66, 68], [71, 72], [71, 76]]}}}, "app\\core\\security.py": {"executed_lines": [1, 2, 3, 4, 6, 7, 10, 11, 12, 15, 16, 17, 21, 23, 24, 25, 26, 29, 32, 33, 34, 38, 39, 40, 41], "summary": {"covered_lines": 25, "num_statements": 30, "percent_covered": 77.77777777777777, "percent_covered_display": "78", "missing_lines": 5, "excluded_lines": 0, "percent_statements_covered": 83.33333333333333, "percent_statements_covered_display": "83", "num_branches": 6, "num_partial_branches": 3, "covered_branches": 3, "missing_branches": 3, "percent_branches_covered": 50.0, "percent_branches_covered_display": "50"}, "missing_lines": [9, 18, 22, 35, 36], "excluded_lines": [], "executed_branches": [[17, 21], [21, 23], [34, 38]], "missing_branches": [[17, 18], [21, 22], [34, 35]], "functions": {"verify_password": {"executed_lines": [16, 17, 21, 23, 24, 25, 26, 29], "summary": {"covered_lines": 8, "num_statements": 10, "percent_covered": 71.42857142857143, "percent_covered_display": "71", "missing_lines": 2, "excluded_lines": 0, "percent_statements_covered": 80.0, "percent_statements_covered_display": "80", "num_branches": 4, "num_partial_branches": 2, "covered_branches": 2, "missing_branches": 2, "percent_branches_covered": 50.0, "percent_branches_covered_display": "50"}, "missing_lines": [18, 22], "excluded_lines": [], "start_line": 15, "executed_branches": [[17, 21], [21, 23]], "missing_branches": [[17, 18], [21, 22]]}, "get_password_hash": {"executed_lines": [33, 34, 38, 39, 40, 41], "summary": {"covered_lines": 6, "num_statements": 8, "percent_covered": 70.0, "percent_covered_display": "70", "missing_lines": 2, "excluded_lines": 0, "percent_statements_covered": 75.0, "percent_statements_covered_display": "75", "num_branches": 2, "num_partial_branches": 1, "covered_branches": 1, "missing_branches": 1, "percent_branches_covered": 50.0, "percent_branches_covered_display": "50"}, "missing_lines": [35, 36], "excluded_lines": [], "start_line": 32, "executed_branches": [[34, 38]], "missing_branches": [[34, 35]]}, "": {"executed_lines": [1, 2, 3, 4, 6, 7, 10, 11, 12, 15, 32], "summary": {"covered_lines": 11, "num_statements": 12, "percent_covered": 91.66666666666667, "percent_covered_display": "92", "missing_lines": 1, "excluded_lines": 0, "percent_statements_covered": 91.66666666666667, "percent_statements_covered_display": "92", "num_branches": 0, "num_partial_branches": 0, "covered_branches": 0, "missing_branches": 0, "percent_branches_covered": 100.0, "percent_branches_covered_display": "100"}, "missing_lines": [9], "excluded_lines": [], "start_line": 1, "executed_branches": [], "missing_branches": []}}, "classes": {"": {"executed_lines": [1, 2, 3, 4, 6, 7, 10, 11, 12, 15, 16, 17, 21, 23, 24, 25, 26, 29, 32, 33, 34, 38, 39, 40, 41], "summary": {"covered_lines": 25, "num_statements": 30, "percent_covered": 77.77777777777777, "percent_covered_display": "78", "missing_lines": 5, "excluded_lines": 0, "percent_statements_covered": 83.33333333333333, "percent_statements_covered_display": "83", "num_branches": 6, "num_partial_branches": 3, "covered_branches": 3, "missing_branches": 3, "percent_branches_covered": 50.0, "percent_branches_covered_display": "50"}, "missing_lines": [9, 18, 22, 35, 36], "excluded_lines": [], "start_line": 1, "executed_branches": [[17, 21], [21, 23], [34, 38]], "missing_branches": [[17, 18], [21, 22], [34, 35]]}}}}, "totals": {"covered_lines": 310, "num_statements": 614, "percent_covered": 43.53562005277045, "percent_covered_display": "44", "missing_lines": 304, "excluded_lines": 186, "percent_statements_covered": 50.4885993485342, "percent_statements_covered_display": "50", "num_branches": 144, "num_partial_branches": 14, "covered_branches": 20, "missing_branches": 124, "percent_branches_covered": 13.88888888888889, "percent_branches_covered_display": "14"}}